Arguments: 
  /Users/emerson/.nvm/versions/node/v12.22.3/bin/node /Users/emerson/.nvm/versions/node/v12.22.3/bin/yarn dev

PATH: 
  /Users/emerson/.nvm/versions/node/v12.22.3/bin:/usr/local/bin:/opt/homebrew/bin:/usr/local/bin:/usr/bin:/bin:/usr/sbin:/sbin:/Library/Apple/usr/bin:/Users/emerson/.nvm/versions/node/v12.22.3/bin:/opt/homebrew/bin:/Users/emerson/.zinit/polaris/bin:/Users/emerson/Library/Android/sdk/emulator:/Users/emerson/Library/Android/sdk/tools:/Users/emerson/Library/Android/sdk/tools/bin:/Users/emerson/Library/Android/sdk/platform-tools:/Applications/Visual Studio Code.app/Contents/Resources/app/bin:/Users/emerson/Library/Android/sdk/emulator:/Users/emerson/Library/Android/sdk/tools:/Users/emerson/Library/Android/sdk/tools/bin:/Users/emerson/Library/Android/sdk/platform-tools:/Applications/Visual Studio Code.app/Contents/Resources/app/bin

Yarn version: 
  1.22.11

Node version: 
  12.22.3

Platform: 
  darwin arm64

Trace: 
  SyntaxError: /Users/emerson/Documents/Emerson/desafio-newtail/package.json: Unexpected token } in JSON at position 210
      at JSON.parse (<anonymous>)
      at /Users/emerson/.nvm/versions/node/v12.22.3/lib/node_modules/yarn/lib/cli.js:1625:59
      at Generator.next (<anonymous>)
      at step (/Users/emerson/.nvm/versions/node/v12.22.3/lib/node_modules/yarn/lib/cli.js:310:30)
      at /Users/emerson/.nvm/versions/node/v12.22.3/lib/node_modules/yarn/lib/cli.js:321:13

npm manifest: 
  {
    "name": "desafio-newtail",
    "version": "1.0.0",
    "description": "",
    "main": "index.js",
    "scripts": {
      "dev": "ts-node-dev --transpile-only --ignore-watch node_modules --respawn ./src/server.ts",
    },
    "author": "",
    "license": "ISC",
    "dependencies": {
      "express": "^4.18.1"
    },
    "devDependencies": {
      "@types/express": "^4.17.14",
      "nodemon": "^2.0.20"
    }
  }

yarn manifest: 
  No manifest

Lockfile: 
  No lockfile
